<?xml version="1.0" encoding="UTF-8"?>
<!-- Generated by org.testng.reporters.JUnitXMLReporter -->
<testsuite hostname="Damiras-MacBook-Pro.local" ignored="1" name="Default test" tests="1" failures="0" timestamp="30 Aug 2018 01:53:11 GMT" time="0.203" errors="0">
  <testcase name="GOT_Testing" time="0.187" classname="userActionTest.CustomSerilizeDeserlization"/>
  <testcase name="test" time="0.0" classname="userActionTest.CustomSerilizeDeserlization">
    <ignored/>
  </testcase> <!-- test -->
</testsuite> <!-- Default test -->
