<?xml version="1.0" encoding="UTF-8"?>
<testng-results skipped="0" failed="0" ignored="1" total="2" passed="1">
  <reporter-output>
  </reporter-output>
  <suite name="Default suite" duration-ms="203" started-at="2018-08-30T01:53:11Z" finished-at="2018-08-30T01:53:11Z">
    <groups>
    </groups>
    <test name="Default test" duration-ms="203" started-at="2018-08-30T01:53:11Z" finished-at="2018-08-30T01:53:11Z">
      <class name="userActionTest.CustomSerilizeDeserlization">
        <test-method status="PASS" signature="GOT_Testing()[pri:0, instance:userActionTest.CustomSerilizeDeserlization@61832929]" name="GOT_Testing" duration-ms="187" started-at="2018-08-30T01:53:11Z" finished-at="2018-08-30T01:53:11Z">
          <reporter-output>
          </reporter-output>
        </test-method> <!-- GOT_Testing -->
      </class> <!-- userActionTest.CustomSerilizeDeserlization -->
    </test> <!-- Default test -->
  </suite> <!-- Default suite -->
</testng-results>
